#
# A fatal error has been detected by the Java Runtime Environment:
#
#  Internal Error (javaClasses.cpp:129), pid=7824, tid=11016
#  fatal error: Invalid layout of preloaded class
#
# JRE version: 7.0_25-b17
# Java VM: Java HotSpot(TM) 64-Bit Server VM (23.25-b01 mixed mode windows-amd64 compressed oops)
# Failed to write core dump. Minidumps are not enabled by default on client versions of Windows
#
# If you would like to submit a bug report, please visit:
#   http://bugreport.sun.com/bugreport/crash.jsp
#

---------------  T H R E A D  ---------------

Current thread (0x000000000031d000):  JavaThread "Unknown thread" [_thread_in_vm, id=11016, stack(0x0000000002780000,0x0000000002880000)]

Stack: [0x0000000002780000,0x0000000002880000]

---------------  P R O C E S S  ---------------

Java Threads: ( => current thread )

Other Threads:

=>0x000000000031d000 (exited) JavaThread "Unknown thread" [_thread_in_vm, id=11016, stack(0x0000000002780000,0x0000000002880000)]

VM state:not at safepoint (not fully initialized)

VM Mutex/Monitor currently owned by a thread: None

GC Heap History (0 events):
No events

Deoptimization events (0 events):
No events

Internal exceptions (0 events):
No events

Events (10 events):
Event: 0.011 loading class 0x00000000024b8ee0 done
Event: 0.011 loading class 0x0000000002472810 done
Event: 0.011 loading class 0x00000000024727e0
Event: 0.011 loading class 0x00000000024c1270
Event: 0.011 loading class 0x00000000024c1270 done
Event: 0.011 loading class 0x00000000024c12b0
Event: 0.011 loading class 0x00000000024c12b0 done
Event: 0.011 loading class 0x000000000bc7d970
Event: 0.011 loading class 0x000000000bc7d970 done
Event: 0.011 loading class 0x00000000024727e0 done


Dynamic libraries:
0x000000013f250000 - 0x000000013f283000 	C:\Program Files\Java\jdk1.7.0_25\bin\javaw.exe
0x0000000076ea0000 - 0x0000000077049000 	C:\Windows\SYSTEM32\ntdll.dll
0x0000000076d80000 - 0x0000000076e9f000 	C:\Windows\system32\kernel32.dll
0x000007fefd000000 - 0x000007fefd06b000 	C:\Windows\system32\KERNELBASE.dll
0x000007feff0d0000 - 0x000007feff1ab000 	C:\Windows\system32\ADVAPI32.dll
0x000007fefe120000 - 0x000007fefe1bf000 	C:\Windows\system32\msvcrt.dll
0x000007fefdd50000 - 0x000007fefdd6f000 	C:\Windows\SYSTEM32\sechost.dll
0x000007fefd7d0000 - 0x000007fefd8fd000 	C:\Windows\system32\RPCRT4.dll
0x0000000076c80000 - 0x0000000076d7a000 	C:\Windows\system32\USER32.dll
0x000007fefded0000 - 0x000007fefdf37000 	C:\Windows\system32\GDI32.dll
0x000007fefd250000 - 0x000007fefd25e000 	C:\Windows\system32\LPK.dll
0x000007fefe220000 - 0x000007fefe2e9000 	C:\Windows\system32\USP10.dll
0x000007fefbd00000 - 0x000007fefbef4000 	C:\Windows\WinSxS\amd64_microsoft.windows.common-controls_6595b64144ccf1df_6.0.7601.17514_none_fa396087175ac9ac\COMCTL32.dll
0x000007fefd9d0000 - 0x000007fefda41000 	C:\Windows\system32\SHLWAPI.dll
0x000007fefd900000 - 0x000007fefd92e000 	C:\Windows\system32\IMM32.DLL
0x000007fefd120000 - 0x000007fefd229000 	C:\Windows\system32\MSCTF.dll
0x000007fefcc00000 - 0x000007fefcc44000 	C:\Windows\system32\nvinitx.dll
0x00000000584f0000 - 0x00000000585c1000 	C:\Program Files\Java\jdk1.7.0_25\jre\bin\msvcr100.dll
0x0000000057de0000 - 0x00000000584ef000 	C:\Program Files\Java\jdk1.7.0_25\jre\bin\server\jvm.dll
0x000007fef6340000 - 0x000007fef6349000 	C:\Windows\system32\WSOCK32.dll
0x000007feff080000 - 0x000007feff0cd000 	C:\Windows\system32\WS2_32.dll
0x000007fefda50000 - 0x000007fefda58000 	C:\Windows\system32\NSI.dll
0x000007fefa400000 - 0x000007fefa43b000 	C:\Windows\system32\WINMM.dll
0x0000000077060000 - 0x0000000077067000 	C:\Windows\system32\PSAPI.DLL
0x0000000063620000 - 0x000000006362f000 	C:\Program Files\Java\jdk1.7.0_25\jre\bin\verify.dll
0x0000000057db0000 - 0x0000000057dd8000 	C:\Program Files\Java\jdk1.7.0_25\jre\bin\java.dll
0x0000000063600000 - 0x0000000063615000 	C:\Program Files\Java\jdk1.7.0_25\jre\bin\zip.dll

VM Arguments:
jvm_args: -Dfile.encoding=Cp1252 -Xbootclasspath:C:\Android\platforms\android-19\android.jar 
java_command: org.eclipse.jdt.internal.junit.runner.RemoteTestRunner -version 3 -port 51604 -testLoaderClass org.eclipse.jdt.internal.junit4.runner.JUnit4TestLoader -loaderpluginname org.eclipse.jdt.junit4.runtime -classNames com.ninerupees.hamilton.test.AccountModelTests
Launcher Type: SUN_STANDARD

Environment Variables:
JAVA_HOME=C:\Program Files\Java\jdk1.7.0_25
PATH=C:/Java/jdk1.7.0_25/bin/../jre/bin/server;C:/Java/jdk1.7.0_25/bin/../jre/bin;C:/Java/jdk1.7.0_25/bin/../jre/lib/amd64;C:\Python33\;C:\Java\jdk1.7.0_25\bin;C:\MinGW\bin;C:\Program Files (x86)\Git\cmd;C:\Program Files (x86)\gradle-1.10\bin;C:\Program Files (x86)\PharosSystems\Core;C:\Program Files (x86)\QuickTime\QTSystem\;"C:\Program Files\KDiff3\";C:\Users\Graham\Documents\My Programming\Eclipse;
USERNAME=Graham
OS=Windows_NT
PROCESSOR_IDENTIFIER=Intel64 Family 6 Model 58 Stepping 9, GenuineIntel



---------------  S Y S T E M  ---------------

OS: Windows 7 , 64 bit Build 7601 Service Pack 1

CPU:total 8 (4 cores per cpu, 2 threads per core) family 6 model 58 stepping 9, cmov, cx8, fxsr, mmx, sse, sse2, sse3, ssse3, sse4.1, sse4.2, popcnt, avx, ht, tsc, tscinvbit, tscinv

Memory: 4k page, physical 8288620k(3705804k free), swap 16575376k(10782556k free)

vm_info: Java HotSpot(TM) 64-Bit Server VM (23.25-b01) for windows-amd64 JRE (1.7.0_25-b17), built on Jun 21 2013 12:58:32 by "java_re" with unknown MS VC++:1600

time: Sun Mar 30 18:45:07 2014
elapsed time: 0 seconds

