#
# A fatal error has been detected by the Java Runtime Environment:
#
#  Internal Error (javaClasses.cpp:129), pid=6676, tid=5180
#  fatal error: Invalid layout of preloaded class
#
# JRE version: 7.0_25-b17
# Java VM: Java HotSpot(TM) 64-Bit Server VM (23.25-b01 mixed mode windows-amd64 compressed oops)
# Failed to write core dump. Minidumps are not enabled by default on client versions of Windows
#
# If you would like to submit a bug report, please visit:
#   http://bugreport.sun.com/bugreport/crash.jsp
#

---------------  T H R E A D  ---------------

Current thread (0x000000000238d000):  JavaThread "Unknown thread" [_thread_in_vm, id=5180, stack(0x00000000024f0000,0x00000000025f0000)]

Stack: [0x00000000024f0000,0x00000000025f0000]

---------------  P R O C E S S  ---------------

Java Threads: ( => current thread )

Other Threads:

=>0x000000000238d000 (exited) JavaThread "Unknown thread" [_thread_in_vm, id=5180, stack(0x00000000024f0000,0x00000000025f0000)]

VM state:not at safepoint (not fully initialized)

VM Mutex/Monitor currently owned by a thread: None

GC Heap History (0 events):
No events

Deoptimization events (0 events):
No events

Internal exceptions (0 events):
No events

Events (10 events):
Event: 0.008 loading class 0x00000000022b8ed0 done
Event: 0.008 loading class 0x0000000002272810 done
Event: 0.008 loading class 0x00000000022727e0
Event: 0.008 loading class 0x00000000022c1260
Event: 0.008 loading class 0x00000000022c1260 done
Event: 0.008 loading class 0x00000000022c12a0
Event: 0.008 loading class 0x00000000022c12a0 done
Event: 0.008 loading class 0x000000000bd2d970
Event: 0.008 loading class 0x000000000bd2d970 done
Event: 0.008 loading class 0x00000000022727e0 done


Dynamic libraries:
0x000000013fa90000 - 0x000000013fac3000 	C:\Program Files\Java\jdk1.7.0_25\bin\javaw.exe
0x00000000779a0000 - 0x0000000077b49000 	C:\Windows\SYSTEM32\ntdll.dll
0x0000000077880000 - 0x000000007799f000 	C:\Windows\system32\kernel32.dll
0x000007fefd8e0000 - 0x000007fefd94b000 	C:\Windows\system32\KERNELBASE.dll
0x000007fefe520000 - 0x000007fefe5fb000 	C:\Windows\system32\ADVAPI32.dll
0x000007fefe600000 - 0x000007fefe69f000 	C:\Windows\system32\msvcrt.dll
0x000007feff890000 - 0x000007feff8af000 	C:\Windows\SYSTEM32\sechost.dll
0x000007feff940000 - 0x000007feffa6d000 	C:\Windows\system32\RPCRT4.dll
0x0000000077780000 - 0x000000007787a000 	C:\Windows\system32\USER32.dll
0x000007fefdfa0000 - 0x000007fefe007000 	C:\Windows\system32\GDI32.dll
0x000007fefe9f0000 - 0x000007fefe9fe000 	C:\Windows\system32\LPK.dll
0x000007fefde30000 - 0x000007fefdef9000 	C:\Windows\system32\USP10.dll
0x000007fefc800000 - 0x000007fefc9f4000 	C:\Windows\WinSxS\amd64_microsoft.windows.common-controls_6595b64144ccf1df_6.0.7601.17514_none_fa396087175ac9ac\COMCTL32.dll
0x000007feff8b0000 - 0x000007feff921000 	C:\Windows\system32\SHLWAPI.dll
0x000007fefe4f0000 - 0x000007fefe51e000 	C:\Windows\system32\IMM32.DLL
0x000007fefe6a0000 - 0x000007fefe7a9000 	C:\Windows\system32\MSCTF.dll
0x000007fefd700000 - 0x000007fefd744000 	C:\Windows\system32\nvinitx.dll
0x0000000062280000 - 0x0000000062351000 	C:\Program Files\Java\jdk1.7.0_25\jre\bin\msvcr100.dll
0x0000000058c50000 - 0x000000005935f000 	C:\Program Files\Java\jdk1.7.0_25\jre\bin\server\jvm.dll
0x000007fef7470000 - 0x000007fef7479000 	C:\Windows\system32\WSOCK32.dll
0x000007fefe010000 - 0x000007fefe05d000 	C:\Windows\system32\WS2_32.dll
0x000007feff930000 - 0x000007feff938000 	C:\Windows\system32\NSI.dll
0x000007fefaf00000 - 0x000007fefaf3b000 	C:\Windows\system32\WINMM.dll
0x0000000077b70000 - 0x0000000077b77000 	C:\Windows\system32\PSAPI.DLL
0x00000000643c0000 - 0x00000000643cf000 	C:\Program Files\Java\jdk1.7.0_25\jre\bin\verify.dll
0x0000000064280000 - 0x00000000642a8000 	C:\Program Files\Java\jdk1.7.0_25\jre\bin\java.dll
0x00000000643a0000 - 0x00000000643b5000 	C:\Program Files\Java\jdk1.7.0_25\jre\bin\zip.dll

VM Arguments:
jvm_args: -Dfile.encoding=Cp1252 -Xbootclasspath:C:\Android\platforms\android-19\android.jar 
java_command: org.eclipse.jdt.internal.junit.runner.RemoteTestRunner -version 3 -port 50690 -testLoaderClass org.eclipse.jdt.internal.junit4.runner.JUnit4TestLoader -loaderpluginname org.eclipse.jdt.junit4.runtime -classNames com.ninerupees.hamilton.test.AccountModelTests
Launcher Type: SUN_STANDARD

Environment Variables:
JAVA_HOME=C:\Program Files\Java\jdk1.7.0_25
PATH=C:/Java/jdk1.7.0_25/bin/../jre/bin/server;C:/Java/jdk1.7.0_25/bin/../jre/bin;C:/Java/jdk1.7.0_25/bin/../jre/lib/amd64;C:\Python33\;C:\Java\jdk1.7.0_25\bin;C:\MinGW\bin;C:\Program Files (x86)\Git\cmd;C:\Program Files (x86)\gradle-1.10\bin;C:\Program Files (x86)\PharosSystems\Core;C:\Program Files (x86)\QuickTime\QTSystem\;"C:\Program Files\KDiff3\";C:\Users\Graham\Documents\My Programming\Eclipse;
USERNAME=Graham
OS=Windows_NT
PROCESSOR_IDENTIFIER=Intel64 Family 6 Model 58 Stepping 9, GenuineIntel



---------------  S Y S T E M  ---------------

OS: Windows 7 , 64 bit Build 7601 Service Pack 1

CPU:total 8 (4 cores per cpu, 2 threads per core) family 6 model 58 stepping 9, cmov, cx8, fxsr, mmx, sse, sse2, sse3, ssse3, sse4.1, sse4.2, popcnt, avx, ht, tsc, tscinvbit, tscinv

Memory: 4k page, physical 8288620k(4704920k free), swap 16575376k(12384928k free)

vm_info: Java HotSpot(TM) 64-Bit Server VM (23.25-b01) for windows-amd64 JRE (1.7.0_25-b17), built on Jun 21 2013 12:58:32 by "java_re" with unknown MS VC++:1600

time: Mon Apr 07 14:23:12 2014
elapsed time: 0 seconds

